<?xml version="1.0" encoding="UTF-8"?>
<testsuite name="TestSensorManager" tests="1" skipped="0" failures="0" errors="0" timestamp="2021-02-17T20:20:41" hostname="DESKTOP-GEE705Q" time="0.002">
  <properties/>
  <testcase name="testGetUnavailableSensor" classname="TestSensorManager" time="0.002"/>
  <system-out><![CDATA[]]></system-out>
  <system-err><![CDATA[]]></system-err>
</testsuite>
